1608 [main] INFO  o.s.b.w.e.tomcat.TomcatWebServer - Tomcat initialized with port(s): 8080 (http)
1622 [main] INFO  o.a.coyote.http11.Http11NioProtocol - Initializing ProtocolHandler ["http-nio-8080"]
1630 [main] INFO  o.a.catalina.core.StandardService - Starting service [Tomcat]
1630 [main] INFO  o.a.catalina.core.StandardEngine - Starting Servlet Engine: Apache Tomcat/9.0.12
1637 [main] INFO  o.a.c.core.AprLifecycleListener - The APR based Apache Tomcat Native library which allows optimal performance in production environments was not found on the java.library.path: [C:\Program Files\Java\jre1.8.0_121\bin;C:\Windows\Sun\Java\bin;C:\Windows\system32;C:\Windows;C:/Program Files/Java/jre1.8.0_121/bin/server;C:/Program Files/Java/jre1.8.0_121/bin;C:/Program Files/Java/jre1.8.0_121/lib/amd64;C:\Program Files (x86)\Microsoft SDKs\Azure\CLI2\wbin;C:\Informatica\9.6.0\clients\DT\bin;C:\Informatica\9.6.0\clients\tools\datadirect;C:\Informatica\9.6.0\clients\tools\odbcdrv;C:\Informatica\9.6.0\clients\tools\jdbcdrv;C:\Informatica\10.2.0\clients\tools\datadirect;C:\Informatica\10.2.0\clients\tools\odbcdrv;C:\Informatica\10.2.0\clients\tools\jdbcdrv;C:\Informatica\10.2.0\clients\tools\sharedlibs;C:\ProgramData\Oracle\Java\javapath;C:\Program Files (x86)\Intel\iCLS Client\;C:\Program Files\Intel\iCLS Client\;C:\Windows\system32;C:\Windows;C:\Windows\System32\Wbem;C:\Windows\System32\WindowsPowerShell\v1.0\;C:\Program Files\Intel\Intel(R) Management Engine Components\DAL;C:\Program Files\Intel\Intel(R) Management Engine Components\IPT;C:\Program Files (x86)\Intel\Intel(R) Management Engine Components\DAL;C:\Program Files (x86)\Intel\Intel(R) Management Engine Components\IPT;C:\Program Files (x86)\Intel\OpenCL SDK\2.0\bin\x86;C:\Program Files (x86)\Intel\OpenCL SDK\2.0\bin\x64;C:\Program Files (x86)\PuTTY\;C:\Program Files (x86)\Microsoft SQL Server\110\Tools\Binn\ManagementStudio\;C:\Program Files (x86)\Microsoft SQL Server\110\Tools\Binn\;C:\Program Files\Microsoft SQL Server\110\Tools\Binn\;C:\Program Files (x86)\Microsoft SQL Server\110\DTS\Binn\;C:\Program Files\Cloud Foundry;C:\Users\pcmulchandani\Downloads\spring-boot-cli-2.1.0.RELEASE-bin\spring-2.1.0.RELEASE\bin;C:\Users\pcmulchandani\Downloads\spring-tool-suite-4-4.0.1.RELEASE-e4.9.0-win32.win32.x86_64\sts-4.0.1.RELEASE;;.]
1720 [main] INFO  o.a.c.c.C.[Tomcat].[localhost].[/] - Initializing Spring embedded WebApplicationContext
1721 [main] DEBUG o.s.web.context.ContextLoader - Published root WebApplicationContext as ServletContext attribute with name [org.springframework.web.context.WebApplicationContext.ROOT]
1721 [main] INFO  o.s.web.context.ContextLoader - Root WebApplicationContext: initialization completed in 1128 ms
1746 [main] INFO  o.s.b.w.s.ServletRegistrationBean - Servlet dispatcherServlet mapped to [/]
1749 [main] INFO  o.s.b.w.s.FilterRegistrationBean - Mapping filter: 'characterEncodingFilter' to: [/*]
1750 [main] INFO  o.s.b.w.s.FilterRegistrationBean - Mapping filter: 'hiddenHttpMethodFilter' to: [/*]
1750 [main] INFO  o.s.b.w.s.FilterRegistrationBean - Mapping filter: 'formContentFilter' to: [/*]
1750 [main] INFO  o.s.b.w.s.FilterRegistrationBean - Mapping filter: 'requestContextFilter' to: [/*]
1933 [main] DEBUG o.s.w.s.h.SimpleUrlHandlerMapping - Patterns [/**/favicon.ico] in 'faviconHandlerMapping'
2003 [main] INFO  o.s.s.c.ThreadPoolTaskExecutor - Initializing ExecutorService 'applicationTaskExecutor'
2015 [main] DEBUG o.s.w.s.m.m.a.RequestMappingHandlerAdapter - ControllerAdvice beans: 0 @ModelAttribute, 0 @InitBinder, 1 RequestBodyAdvice, 1, ResponseBodyAdvice
2057 [main] DEBUG o.s.w.s.m.m.a.RequestMappingHandlerMapping - 3 mappings in 'requestMappingHandlerMapping'
2072 [main] DEBUG o.s.w.s.h.SimpleUrlHandlerMapping - Patterns [/webjars/**, /**] in 'resourceHandlerMapping'
2080 [main] DEBUG o.s.w.s.m.m.a.ExceptionHandlerExceptionResolver - ControllerAdvice beans: 0 @ExceptionHandler, 1 ResponseBodyAdvice
2170 [main] INFO  o.a.coyote.http11.Http11NioProtocol - Starting ProtocolHandler ["http-nio-8080"]
2177 [main] INFO  o.a.tomcat.util.net.NioSelectorPool - Using a shared selector for servlet write/read
2190 [main] INFO  o.s.b.w.e.tomcat.TomcatWebServer - Tomcat started on port(s): 8080 (http) with context path ''
25881 [RMI TCP Connection(2)-127.0.0.1] INFO  o.s.b.a.SpringApplicationAdminMXBeanRegistrar$SpringApplicationAdmin - Application shutdown requested.
25883 [RMI TCP Connection(2)-127.0.0.1] INFO  o.s.s.c.ThreadPoolTaskExecutor - Shutting down ExecutorService 'applicationTaskExecutor'
1542 [main] INFO  o.s.b.w.e.tomcat.TomcatWebServer - Tomcat initialized with port(s): 8080 (http)
1556 [main] INFO  o.a.coyote.http11.Http11NioProtocol - Initializing ProtocolHandler ["http-nio-8080"]
1561 [main] INFO  o.a.catalina.core.StandardService - Starting service [Tomcat]
1561 [main] INFO  o.a.catalina.core.StandardEngine - Starting Servlet Engine: Apache Tomcat/9.0.12
1567 [main] INFO  o.a.c.core.AprLifecycleListener - The APR based Apache Tomcat Native library which allows optimal performance in production environments was not found on the java.library.path: [C:\Program Files\Java\jre1.8.0_121\bin;C:\Windows\Sun\Java\bin;C:\Windows\system32;C:\Windows;C:/Program Files/Java/jre1.8.0_121/bin/server;C:/Program Files/Java/jre1.8.0_121/bin;C:/Program Files/Java/jre1.8.0_121/lib/amd64;C:\Program Files (x86)\Microsoft SDKs\Azure\CLI2\wbin;C:\Informatica\9.6.0\clients\DT\bin;C:\Informatica\9.6.0\clients\tools\datadirect;C:\Informatica\9.6.0\clients\tools\odbcdrv;C:\Informatica\9.6.0\clients\tools\jdbcdrv;C:\Informatica\10.2.0\clients\tools\datadirect;C:\Informatica\10.2.0\clients\tools\odbcdrv;C:\Informatica\10.2.0\clients\tools\jdbcdrv;C:\Informatica\10.2.0\clients\tools\sharedlibs;C:\ProgramData\Oracle\Java\javapath;C:\Program Files (x86)\Intel\iCLS Client\;C:\Program Files\Intel\iCLS Client\;C:\Windows\system32;C:\Windows;C:\Windows\System32\Wbem;C:\Windows\System32\WindowsPowerShell\v1.0\;C:\Program Files\Intel\Intel(R) Management Engine Components\DAL;C:\Program Files\Intel\Intel(R) Management Engine Components\IPT;C:\Program Files (x86)\Intel\Intel(R) Management Engine Components\DAL;C:\Program Files (x86)\Intel\Intel(R) Management Engine Components\IPT;C:\Program Files (x86)\Intel\OpenCL SDK\2.0\bin\x86;C:\Program Files (x86)\Intel\OpenCL SDK\2.0\bin\x64;C:\Program Files (x86)\PuTTY\;C:\Program Files (x86)\Microsoft SQL Server\110\Tools\Binn\ManagementStudio\;C:\Program Files (x86)\Microsoft SQL Server\110\Tools\Binn\;C:\Program Files\Microsoft SQL Server\110\Tools\Binn\;C:\Program Files (x86)\Microsoft SQL Server\110\DTS\Binn\;C:\Program Files\Cloud Foundry;C:\Users\pcmulchandani\Downloads\spring-boot-cli-2.1.0.RELEASE-bin\spring-2.1.0.RELEASE\bin;C:\Users\pcmulchandani\Downloads\spring-tool-suite-4-4.0.1.RELEASE-e4.9.0-win32.win32.x86_64\sts-4.0.1.RELEASE;;.]
1643 [main] INFO  o.a.c.c.C.[Tomcat].[localhost].[/] - Initializing Spring embedded WebApplicationContext
1643 [main] DEBUG o.s.web.context.ContextLoader - Published root WebApplicationContext as ServletContext attribute with name [org.springframework.web.context.WebApplicationContext.ROOT]
1643 [main] INFO  o.s.web.context.ContextLoader - Root WebApplicationContext: initialization completed in 1088 ms
1668 [main] INFO  o.s.b.w.s.ServletRegistrationBean - Servlet dispatcherServlet mapped to [/]
1672 [main] INFO  o.s.b.w.s.FilterRegistrationBean - Mapping filter: 'characterEncodingFilter' to: [/*]
1672 [main] INFO  o.s.b.w.s.FilterRegistrationBean - Mapping filter: 'hiddenHttpMethodFilter' to: [/*]
1672 [main] INFO  o.s.b.w.s.FilterRegistrationBean - Mapping filter: 'formContentFilter' to: [/*]
1672 [main] INFO  o.s.b.w.s.FilterRegistrationBean - Mapping filter: 'requestContextFilter' to: [/*]
1821 [main] DEBUG o.s.w.s.h.SimpleUrlHandlerMapping - Patterns [/**/favicon.ico] in 'faviconHandlerMapping'
1894 [main] INFO  o.s.s.c.ThreadPoolTaskExecutor - Initializing ExecutorService 'applicationTaskExecutor'
1907 [main] DEBUG o.s.w.s.m.m.a.RequestMappingHandlerAdapter - ControllerAdvice beans: 0 @ModelAttribute, 0 @InitBinder, 1 RequestBodyAdvice, 1, ResponseBodyAdvice
1951 [main] DEBUG o.s.w.s.m.m.a.RequestMappingHandlerMapping - 3 mappings in 'requestMappingHandlerMapping'
1966 [main] DEBUG o.s.w.s.h.SimpleUrlHandlerMapping - Patterns [/webjars/**, /**] in 'resourceHandlerMapping'
1974 [main] DEBUG o.s.w.s.m.m.a.ExceptionHandlerExceptionResolver - ControllerAdvice beans: 0 @ExceptionHandler, 1 ResponseBodyAdvice
2068 [main] INFO  o.a.coyote.http11.Http11NioProtocol - Starting ProtocolHandler ["http-nio-8080"]
2076 [main] INFO  o.a.tomcat.util.net.NioSelectorPool - Using a shared selector for servlet write/read
2109 [main] INFO  o.s.b.w.e.tomcat.TomcatWebServer - Tomcat started on port(s): 8080 (http) with context path ''
121349 [http-nio-8080-exec-2] INFO  o.a.c.c.C.[Tomcat].[localhost].[/] - Initializing Spring DispatcherServlet 'dispatcherServlet'
121350 [http-nio-8080-exec-2] INFO  o.s.web.servlet.DispatcherServlet - Initializing Servlet 'dispatcherServlet'
121350 [http-nio-8080-exec-2] DEBUG o.s.web.servlet.DispatcherServlet - Detected StandardServletMultipartResolver
121357 [http-nio-8080-exec-2] DEBUG o.s.web.servlet.DispatcherServlet - enableLoggingRequestDetails='false': request parameters and headers will be masked to prevent unsafe logging of potentially sensitive data
121357 [http-nio-8080-exec-2] INFO  o.s.web.servlet.DispatcherServlet - Completed initialization in 7 ms
121366 [http-nio-8080-exec-2] DEBUG o.s.web.servlet.DispatcherServlet - GET "/quote/", parameters={}
121371 [http-nio-8080-exec-2] DEBUG o.s.w.s.m.m.a.RequestMappingHandlerMapping - Mapped to public org.springframework.http.ResponseEntity<com.logging.sample.domain.Quote> com.logging.sample.controllers.LoggingController.getQuotes()
121501 [http-nio-8080-exec-2] DEBUG o.s.web.client.RestTemplate - HTTP GET http://gturnquist-quoters.cfapps.io/api/random
121539 [http-nio-8080-exec-2] DEBUG o.s.web.client.RestTemplate - Accept=[application/json, application/*+json]
122146 [http-nio-8080-exec-2] DEBUG o.s.web.client.RestTemplate - Response 200 OK
122148 [http-nio-8080-exec-2] DEBUG o.s.web.client.RestTemplate - Reading to [com.logging.sample.domain.Quote]
122217 [http-nio-8080-exec-2] DEBUG o.s.w.s.m.m.a.HttpEntityMethodProcessor - Using 'application/json;q=0.8', given [text/html, application/xhtml+xml, application/xml;q=0.9, */*;q=0.8] and supported [application/json, application/*+json, application/json, application/*+json]
122217 [http-nio-8080-exec-2] DEBUG o.s.w.s.m.m.a.HttpEntityMethodProcessor - Writing [Quote [type=null, value=Value [id=4, quote=Previous to Spring Boot, I remember XML hell, confusing set up, and many hours of frustration., getId()=4, getQuote()=Previous to Spring Boot, I remember XML hell, confusing set up, and many hours of frustration., getClass()=class com.logging.sample.domain.Value, hashCode()=1804918301, toString()=com.logging.sample.domain.Value@6b94de1d], getValue()=Value [id=4, quote=Previous to Spring Boot, I remember XML hell, confusing set up, and many hours of frustration., getId()=4, getQuote()=Previous to Spring Boot, I remember XML hell, confusing set up, and many hours of frustration., getClass()=class com.logging.sample.domain.Value, hashCode()=1804918301, toString()=com.logging.sample.domain.Value@6b94de1d], getClass()=class com.logging.sample.domain.Quote, hashCode()=367964569, toString()=com.logging.sample.domain.Quote@15eeb199]]
122228 [http-nio-8080-exec-2] DEBUG o.s.web.servlet.DispatcherServlet - Completed 200 OK
123938 [http-nio-8080-exec-3] DEBUG o.s.web.servlet.DispatcherServlet - GET "/quote/", parameters={}
123940 [http-nio-8080-exec-3] DEBUG o.s.w.s.m.m.a.RequestMappingHandlerMapping - Mapped to public org.springframework.http.ResponseEntity<com.logging.sample.domain.Quote> com.logging.sample.controllers.LoggingController.getQuotes()
123947 [http-nio-8080-exec-3] DEBUG o.s.web.client.RestTemplate - HTTP GET http://gturnquist-quoters.cfapps.io/api/random
123951 [http-nio-8080-exec-3] DEBUG o.s.web.client.RestTemplate - Accept=[application/json, application/*+json]
124213 [http-nio-8080-exec-3] DEBUG o.s.web.client.RestTemplate - Response 200 OK
124213 [http-nio-8080-exec-3] DEBUG o.s.web.client.RestTemplate - Reading to [com.logging.sample.domain.Quote]
124215 [http-nio-8080-exec-3] DEBUG o.s.w.s.m.m.a.HttpEntityMethodProcessor - Using 'application/json;q=0.8', given [text/html, application/xhtml+xml, application/xml;q=0.9, */*;q=0.8] and supported [application/json, application/*+json, application/json, application/*+json]
124216 [http-nio-8080-exec-3] DEBUG o.s.w.s.m.m.a.HttpEntityMethodProcessor - Writing [Quote [type=null, value=Value [id=11, quote=I have two hours today to build an app from scratch. @springboot to the rescue!, getId()=11, getQuote()=I have two hours today to build an app from scratch. @springboot to the rescue!, getClass()=class com.logging.sample.domain.Value, hashCode()=1539830380, toString()=com.logging.sample.domain.Value@5bc7f26c], getValue()=Value [id=11, quote=I have two hours today to build an app from scratch. @springboot to the rescue!, getId()=11, getQuote()=I have two hours today to build an app from scratch. @springboot to the rescue!, getClass()=class com.logging.sample.domain.Value, hashCode()=1539830380, toString()=com.logging.sample.domain.Value@5bc7f26c], getClass()=class com.logging.sample.domain.Quote, hashCode()=1426069348, toString()=com.logging.sample.domain.Quote@55001764]]
124218 [http-nio-8080-exec-3] DEBUG o.s.web.servlet.DispatcherServlet - Completed 200 OK
164639 [http-nio-8080-exec-1] DEBUG o.s.web.servlet.DispatcherServlet - GET "/quote/", parameters={}
164640 [http-nio-8080-exec-1] DEBUG o.s.w.s.m.m.a.RequestMappingHandlerMapping - Mapped to public org.springframework.http.ResponseEntity<com.logging.sample.domain.Quote> com.logging.sample.controllers.LoggingController.getQuotes()
164648 [http-nio-8080-exec-1] DEBUG o.s.web.client.RestTemplate - HTTP GET http://gturnquist-quoters.cfapps.io/api/random
164650 [http-nio-8080-exec-1] DEBUG o.s.web.client.RestTemplate - Accept=[application/json, application/*+json]
165073 [http-nio-8080-exec-1] DEBUG o.s.web.client.RestTemplate - Response 200 OK
165073 [http-nio-8080-exec-1] DEBUG o.s.web.client.RestTemplate - Reading to [com.logging.sample.domain.Quote]
165075 [http-nio-8080-exec-1] DEBUG o.s.w.s.m.m.a.HttpEntityMethodProcessor - Using 'application/json;q=0.8', given [text/html, application/xhtml+xml, application/xml;q=0.9, */*;q=0.8] and supported [application/json, application/*+json, application/json, application/*+json]
165075 [http-nio-8080-exec-1] DEBUG o.s.w.s.m.m.a.HttpEntityMethodProcessor - Writing [Quote [type=null, value=Value [id=4, quote=Previous to Spring Boot, I remember XML hell, confusing set up, and many hours of frustration., getId()=4, getQuote()=Previous to Spring Boot, I remember XML hell, confusing set up, and many hours of frustration., getClass()=class com.logging.sample.domain.Value, hashCode()=27078507, toString()=com.logging.sample.domain.Value@19d2f6b], getValue()=Value [id=4, quote=Previous to Spring Boot, I remember XML hell, confusing set up, and many hours of frustration., getId()=4, getQuote()=Previous to Spring Boot, I remember XML hell, confusing set up, and many hours of frustration., getClass()=class com.logging.sample.domain.Value, hashCode()=27078507, toString()=com.logging.sample.domain.Value@19d2f6b], getClass()=class com.logging.sample.domain.Quote, hashCode()=257605928, toString()=com.logging.sample.domain.Quote@f5ac128]]
165077 [http-nio-8080-exec-1] DEBUG o.s.web.servlet.DispatcherServlet - Completed 200 OK
174869 [http-nio-8080-exec-4] DEBUG o.s.web.servlet.DispatcherServlet - GET "/quote/", parameters={}
174870 [http-nio-8080-exec-4] DEBUG o.s.w.s.m.m.a.RequestMappingHandlerMapping - Mapped to public org.springframework.http.ResponseEntity<com.logging.sample.domain.Quote> com.logging.sample.controllers.LoggingController.getQuotes()
174877 [http-nio-8080-exec-4] DEBUG o.s.web.client.RestTemplate - HTTP GET http://gturnquist-quoters.cfapps.io/api/random
174879 [http-nio-8080-exec-4] DEBUG o.s.web.client.RestTemplate - Accept=[application/json, application/*+json]
175296 [http-nio-8080-exec-4] DEBUG o.s.web.client.RestTemplate - Response 200 OK
175296 [http-nio-8080-exec-4] DEBUG o.s.web.client.RestTemplate - Reading to [com.logging.sample.domain.Quote]
175298 [http-nio-8080-exec-4] DEBUG o.s.w.s.m.m.a.HttpEntityMethodProcessor - Using 'application/json;q=0.8', given [text/html, application/xhtml+xml, application/xml;q=0.9, */*;q=0.8] and supported [application/json, application/*+json, application/json, application/*+json]
175299 [http-nio-8080-exec-4] DEBUG o.s.w.s.m.m.a.HttpEntityMethodProcessor - Writing [Quote [type=null, value=Value [id=7, quote=The real benefit of Boot, however, is that it's just Spring. That means any direction the code takes, regardless of complexity, I know it's a safe bet., getId()=7, getQuote()=The real benefit of Boot, however, is that it's just Spring. That means any direction the code takes, regardless of complexity, I know it's a safe bet., getClass()=class com.logging.sample.domain.Value, hashCode()=340643486, toString()=com.logging.sample.domain.Value@144dce9e], getValue()=Value [id=7, quote=The real benefit of Boot, however, is that it's just Spring. That means any direction the code takes, regardless of complexity, I know it's a safe bet., getId()=7, getQuote()=The real benefit of Boot, however, is that it's just Spring. That means any direction the code takes, regardless of complexity, I know it's a safe bet., getClass()=class com.logging.sample.domain.Value, hashCode()=340643486, toString()=com.logging.sample.domain.Value@144dce9e], getClass()=class com.logging.sample.domain.Quote, hashCode()=1364152947, toString()=com.logging.sample.domain.Quote@514f5273]]
175300 [http-nio-8080-exec-4] DEBUG o.s.web.servlet.DispatcherServlet - Completed 200 OK
